GAMS 40.3.0  f227c22a Sep 16, 2022          LEX-LEG x86 64bit/Linux - 10/13/22 17:41:40 Page 1
Warehouse.gms
C o m p i l a t i o n


   2   
  10   
  11  Sets Warehouse  /w1*w2 /
  12       Store      /s1*s65     /
  13  Alias (Warehouse,w), (Store,s);
  14  Scalar
  15       fixed        fixed cost for opening a warehouse / 22 /
  16  Parameter
  17       capacity(WareHouse)
  18       supplyCost(Store,Warehouse);
  19   
  21  capacity(w)     =   32 + mod(ord(w),32);
  22  supplyCost(s,w) = 1+mod(ord(s)+10*ord(w), 100);
  23   
  24  Variables
  25      open(Warehouse)
  26      supply(Store,Warehouse)
  27      obj;
  28  Binary variables open, supply;
  29   
  30  Equations
  31      defobj
  32      oneWarehouse(s)
  33      defopen(w);
  34   
  35  defobj..  obj =e= sum(w, fixed*open(w)) + sum((w,s), supplyCost(s,w)*supply(s,w));
  36   
  37  oneWarehouse(s).. sum(w, supply(s,w)) =e= 1;
  38   
  39  defopen(w)..      sum(s, supply(s,w)) =l= open(w)*capacity(w);
  40   
  42   
  43  model distrib /all/;
  44  solve distrib min obj using mip;
  45  abort$(distrib.solvestat<>1 or
  46         distrib.modelstat<>1 and
  47         distrib.modelstat<>8) 'No solution!';
  48   


COMPILATION TIME     =        0.001 SECONDS      3 MB  40.3.0 f227c22a LEX-LEG
GAMS 40.3.0  f227c22a Sep 16, 2022          LEX-LEG x86 64bit/Linux - 10/13/22 17:41:40 Page 2
Warehouse.gms
Equation Listing    SOLVE distrib Using MIP From line 44


---- defobj  =E=  

defobj..  - 22*open(w1) - 22*open(w2) - 12*supply(s1,w1) - 22*supply(s1,w2) - 13*supply(s2,w1) - 23*supply(s2,w2) - 14*supply(s3,w1) - 24*supply(s3,w2) - 15*supply(s4,w1) - 25*supply(s4,w2) - 16*supply(s5,w1) - 26*supply(s5,w2) - 17*supply(s6,w1) - 27*supply(s6,w2) - 18*supply(s7,w1) - 28*supply(s7,w2) - 19*supply(s8,w1) - 29*supply(s8,w2) - 20*supply(s9,w1) - 30*supply(s9,w2) - 21*supply(s10,w1) - 31*supply(s10,w2) - 22*supply(s11,w1) - 32*supply(s11,w2) - 23*supply(s12,w1) - 33*supply(s12,w2) - 24*supply(s13,w1) - 34*supply(s13,w2) - 25*supply(s14,w1) - 35*supply(s14,w2) - 26*supply(s15,w1) - 36*supply(s15,w2) - 27*supply(s16,w1) - 37*supply(s16,w2) - 28*supply(s17,w1) - 38*supply(s17,w2) - 29*supply(s18,w1) - 39*supply(s18,w2) - 30*supply(s19,w1) - 40*supply(s19,w2) - 31*supply(s20,w1) - 41*supply(s20,w2) - 32*supply(s21,w1) - 42*supply(s21,w2) - 33*supply(s22,w1) - 43*supply(s22,w2) - 34*supply(s23,w1) - 44*supply(s23,w2) - 35*supply(s24,w1) - 45*supply(s24,w2) - 36*supply(s25,w1) - 46*supply(s25,w2) - 37*supply(s26,w1) - 47*supply(s26,w2) - 38*supply(s27,w1) - 48*supply(s27,w2) - 39*supply(s28,w1) - 49*supply(s28,w2) - 40*supply(s29,w1) - 50*supply(s29,w2) - 41*supply(s30,w1) - 51*supply(s30,w2) - 42*supply(s31,w1) - 52*supply(s31,w2) - 43*supply(s32,w1) - 53*supply(s32,w2) - 44*supply(s33,w1) - 54*supply(s33,w2) - 45*supply(s34,w1) - 55*supply(s34,w2) - 46*supply(s35,w1) - 56*supply(s35,w2) - 47*supply(s36,w1) - 57*supply(s36,w2) - 48*supply(s37,w1) - 58*supply(s37,w2) - 49*supply(s38,w1) - 59*supply(s38,w2) - 50*supply(s39,w1) - 60*supply(s39,w2) - 51*supply(s40,w1) - 61*supply(s40,w2) - 52*supply(s41,w1) - 62*supply(s41,w2) - 53*supply(s42,w1) - 63*supply(s42,w2) - 54*supply(s43,w1) - 64*supply(s43,w2) - 55*supply(s44,w1) - 65*supply(s44,w2) - 56*supply(s45,w1) - 66*supply(s45,w2) - 57*supply(s46,w1) - 67*supply(s46,w2) - 58*supply(s47,w1) - 68*supply(s47,w2) - 59*supply(s48,w1) - 69*supply(s48,w2) - 60*supply(s49,w1) - 70*supply(s49,w2) - 61*supply(s50,w1) - 71*supply(s50,w2) - 62*supply(s51,w1) - 72*supply(s51,w2) - 63*supply(s52,w1) - 73*supply(s52,w2) - 64*supply(s53,w1) - 74*supply(s53,w2) - 65*supply(s54,w1) - 75*supply(s54,w2) - 66*supply(s55,w1) - 76*supply(s55,w2) - 67*supply(s56,w1) - 77*supply(s56,w2) - 68*supply(s57,w1) - 78*supply(s57,w2) - 69*supply(s58,w1) - 79*supply(s58,w2) - 70*supply(s59,w1) - 80*supply(s59,w2) - 71*supply(s60,w1) - 81*supply(s60,w2) - 72*supply(s61,w1) - 82*supply(s61,w2) - 73*supply(s62,w1) - 83*supply(s62,w2) - 74*supply(s63,w1) - 84*supply(s63,w2) - 75*supply(s64,w1) - 85*supply(s64,w2) - 76*supply(s65,w1) - 86*supply(s65,w2) + obj =E= 0 ; (LHS = 0)
     

---- oneWarehouse  =E=  

oneWarehouse(s1)..  supply(s1,w1) + supply(s1,w2) =E= 1 ; (LHS = 0, INFES = 1 ****)
     
oneWarehouse(s2)..  supply(s2,w1) + supply(s2,w2) =E= 1 ; (LHS = 0, INFES = 1 ****)
     
oneWarehouse(s3)..  supply(s3,w1) + supply(s3,w2) =E= 1 ; (LHS = 0, INFES = 1 ****)
     
REMAINING 62 ENTRIES SKIPPED


---- defopen  =L=  

defopen(w1)..  - 33*open(w1) + supply(s1,w1) + supply(s2,w1) + supply(s3,w1) + supply(s4,w1) + supply(s5,w1) + supply(s6,w1) + supply(s7,w1) + supply(s8,w1) + supply(s9,w1) + supply(s10,w1) + supply(s11,w1) + supply(s12,w1) + supply(s13,w1) + supply(s14,w1) + supply(s15,w1) + supply(s16,w1) + supply(s17,w1) + supply(s18,w1) + supply(s19,w1) + supply(s20,w1) + supply(s21,w1) + supply(s22,w1) + supply(s23,w1) + supply(s24,w1) + supply(s25,w1) + supply(s26,w1) + supply(s27,w1) + supply(s28,w1) + supply(s29,w1) + supply(s30,w1) + supply(s31,w1) + supply(s32,w1) + supply(s33,w1) + supply(s34,w1) + supply(s35,w1) + supply(s36,w1) + supply(s37,w1) + supply(s38,w1) + supply(s39,w1) + supply(s40,w1) + supply(s41,w1) + supply(s42,w1) + supply(s43,w1) + supply(s44,w1) + supply(s45,w1) + supply(s46,w1) + supply(s47,w1) + supply(s48,w1) + supply(s49,w1) + supply(s50,w1) + supply(s51,w1) + supply(s52,w1) + supply(s53,w1) + supply(s54,w1) + supply(s55,w1) + supply(s56,w1) + supply(s57,w1) + supply(s58,w1) + supply(s59,w1) + supply(s60,w1) + supply(s61,w1) + supply(s62,w1) + supply(s63,w1) + supply(s64,w1) + supply(s65,w1) =L= 0 ; (LHS = 0)
     
defopen(w2)..  - 34*open(w2) + supply(s1,w2) + supply(s2,w2) + supply(s3,w2) + supply(s4,w2) + supply(s5,w2) + supply(s6,w2) + supply(s7,w2) + supply(s8,w2) + supply(s9,w2) + supply(s10,w2) + supply(s11,w2) + supply(s12,w2) + supply(s13,w2) + supply(s14,w2) + supply(s15,w2) + supply(s16,w2) + supply(s17,w2) + supply(s18,w2) + supply(s19,w2) + supply(s20,w2) + supply(s21,w2) + supply(s22,w2) + supply(s23,w2) + supply(s24,w2) + supply(s25,w2) + supply(s26,w2) + supply(s27,w2) + supply(s28,w2) + supply(s29,w2) + supply(s30,w2) + supply(s31,w2) + supply(s32,w2) + supply(s33,w2) + supply(s34,w2) + supply(s35,w2) + supply(s36,w2) + supply(s37,w2) + supply(s38,w2) + supply(s39,w2) + supply(s40,w2) + supply(s41,w2) + supply(s42,w2) + supply(s43,w2) + supply(s44,w2) + supply(s45,w2) + supply(s46,w2) + supply(s47,w2) + supply(s48,w2) + supply(s49,w2) + supply(s50,w2) + supply(s51,w2) + supply(s52,w2) + supply(s53,w2) + supply(s54,w2) + supply(s55,w2) + supply(s56,w2) + supply(s57,w2) + supply(s58,w2) + supply(s59,w2) + supply(s60,w2) + supply(s61,w2) + supply(s62,w2) + supply(s63,w2) + supply(s64,w2) + supply(s65,w2) =L= 0 ; (LHS = 0)
     
GAMS 40.3.0  f227c22a Sep 16, 2022          LEX-LEG x86 64bit/Linux - 10/13/22 17:41:40 Page 3
Warehouse.gms
Column Listing      SOLVE distrib Using MIP From line 44


---- open  

open(w1)
                (.LO, .L, .UP, .M = 0, 0, 1, 0)
      -22       defobj
      -33       defopen(w1)

open(w2)
                (.LO, .L, .UP, .M = 0, 0, 1, 0)
      -22       defobj
      -34       defopen(w2)


---- supply  

supply(s1,w1)
                (.LO, .L, .UP, .M = 0, 0, 1, 0)
      -12       defobj
        1       oneWarehouse(s1)
        1       defopen(w1)

supply(s1,w2)
                (.LO, .L, .UP, .M = 0, 0, 1, 0)
      -22       defobj
        1       oneWarehouse(s1)
        1       defopen(w2)

supply(s2,w1)
                (.LO, .L, .UP, .M = 0, 0, 1, 0)
      -13       defobj
        1       oneWarehouse(s2)
        1       defopen(w1)

REMAINING 127 ENTRIES SKIPPED

---- obj  

obj
                (.LO, .L, .UP, .M = -INF, 0, +INF, 0)
        1       defobj

GAMS 40.3.0  f227c22a Sep 16, 2022          LEX-LEG x86 64bit/Linux - 10/13/22 17:41:40 Page 4
Warehouse.gms
Range Statistics    SOLVE distrib Using MIP From line 44


RANGE STATISTICS (ABSOLUTE NON-ZERO FINITE VALUES)

RHS       [min, max] : [ 1.000E+00, 1.000E+00] - Zero values observed as well
Bound     [min, max] : [ 1.000E+00, 1.000E+00] - Zero values observed as well
Matrix    [min, max] : [ 1.000E+00, 8.600E+01]

GAMS 40.3.0  f227c22a Sep 16, 2022          LEX-LEG x86 64bit/Linux - 10/13/22 17:41:40 Page 5
Warehouse.gms
Model Statistics    SOLVE distrib Using MIP From line 44


MODEL STATISTICS

BLOCKS OF EQUATIONS           3     SINGLE EQUATIONS           68
BLOCKS OF VARIABLES           3     SINGLE VARIABLES          133
NON ZERO ELEMENTS           395     DISCRETE VARIABLES        132


GENERATION TIME      =        0.011 SECONDS      4 MB  40.3.0 f227c22a LEX-LEG
GAMS 40.3.0  f227c22a Sep 16, 2022          LEX-LEG x86 64bit/Linux - 10/13/22 17:41:40 Page 6
Warehouse.gms
Solution Report     SOLVE distrib Using MIP From line 44


               S O L V E      S U M M A R Y

     MODEL   distrib             OBJECTIVE  obj
     TYPE    MIP                 DIRECTION  MINIMIZE
     SOLVER  CPLEX               FROM LINE  44

**** SOLVER STATUS     1 Normal Completion
**** MODEL STATUS      1 Optimal
**** OBJECTIVE VALUE             3224.0000

 RESOURCE USAGE, LIMIT          0.022 10000000000.000
 ITERATION COUNT, LIMIT         0    2147483647
--- GAMS/Cplex licensed for continuous and discrete problems.
--- GMO setup time: 0.00s
--- GMO memory 0.52 Mb (peak 0.52 Mb)
--- Dictionary memory 0.00 Mb
--- Cplex 22.1.0.0 link memory 0.00 Mb (peak 0.01 Mb)
--- Starting Cplex


--- MIP status (101): integer optimal solution.
--- Cplex Time: 0.01sec (det. 0.17 ticks)

--- Fixing integer variables and solving final LP...


--- Fixed MIP status (1): optimal.
--- Cplex Time: 0.00sec (det. 0.07 ticks)


Proven optimal solution
MIP Solution:         3224.000000    (0 iterations, 0 nodes)
Final Solve:          3224.000000    (0 iterations)

Best possible:        3224.000000
Absolute gap:            0.000000
Relative gap:            0.000000


                           LOWER          LEVEL          UPPER         MARGINAL

---- EQU defobj              .              .              .             1.0000      

---- EQU oneWarehouse  

           LOWER          LEVEL          UPPER         MARGINAL

s1          1.0000         1.0000         1.0000          .          
s2          1.0000         1.0000         1.0000          .          
s3          1.0000         1.0000         1.0000          .          
s4          1.0000         1.0000         1.0000          .          
s5          1.0000         1.0000         1.0000          .          
s6          1.0000         1.0000         1.0000          .          
s7          1.0000         1.0000         1.0000          .          
s8          1.0000         1.0000         1.0000          .          
s9          1.0000         1.0000         1.0000          .          
s10         1.0000         1.0000         1.0000          .          
s11         1.0000         1.0000         1.0000          .          
s12         1.0000         1.0000         1.0000          .          
s13         1.0000         1.0000         1.0000          .          
s14         1.0000         1.0000         1.0000          .          
s15         1.0000         1.0000         1.0000          .          
s16         1.0000         1.0000         1.0000          .          
s17         1.0000         1.0000         1.0000          .          
s18         1.0000         1.0000         1.0000          .          
s19         1.0000         1.0000         1.0000          .          
s20         1.0000         1.0000         1.0000          .          
s21         1.0000         1.0000         1.0000          .          
s22         1.0000         1.0000         1.0000          .          
s23         1.0000         1.0000         1.0000          .          
s24         1.0000         1.0000         1.0000          .          
s25         1.0000         1.0000         1.0000          .          
s26         1.0000         1.0000         1.0000          .          
s27         1.0000         1.0000         1.0000          .          
s28         1.0000         1.0000         1.0000          .          
s29         1.0000         1.0000         1.0000          .          
s30         1.0000         1.0000         1.0000          .          
s31         1.0000         1.0000         1.0000          .          
s32         1.0000         1.0000         1.0000          .          
s33         1.0000         1.0000         1.0000          .          
s34         1.0000         1.0000         1.0000          .          
s35         1.0000         1.0000         1.0000          .          
s36         1.0000         1.0000         1.0000          .          
s37         1.0000         1.0000         1.0000          .          
s38         1.0000         1.0000         1.0000          .          
s39         1.0000         1.0000         1.0000          .          
s40         1.0000         1.0000         1.0000          .          
s41         1.0000         1.0000         1.0000          .          
s42         1.0000         1.0000         1.0000          .          
s43         1.0000         1.0000         1.0000          .          
s44         1.0000         1.0000         1.0000          .          
s45         1.0000         1.0000         1.0000          .          
s46         1.0000         1.0000         1.0000          .          
s47         1.0000         1.0000         1.0000          .          
s48         1.0000         1.0000         1.0000          .          
s49         1.0000         1.0000         1.0000          .          
s50         1.0000         1.0000         1.0000          .          
s51         1.0000         1.0000         1.0000          .          
s52         1.0000         1.0000         1.0000          .          
s53         1.0000         1.0000         1.0000          .          
s54         1.0000         1.0000         1.0000          .          
s55         1.0000         1.0000         1.0000          .          
s56         1.0000         1.0000         1.0000          .          
s57         1.0000         1.0000         1.0000          .          
s58         1.0000         1.0000         1.0000          .          
s59         1.0000         1.0000         1.0000          .          
s60         1.0000         1.0000         1.0000          .          
s61         1.0000         1.0000         1.0000          .          
s62         1.0000         1.0000         1.0000          .          
s63         1.0000         1.0000         1.0000          .          
s64         1.0000         1.0000         1.0000          .          
s65         1.0000         1.0000         1.0000          .          

---- EQU defopen  

          LOWER          LEVEL          UPPER         MARGINAL

w1        -INF             .              .              .          
w2        -INF           -2.0000          .              .          

---- VAR open  

          LOWER          LEVEL          UPPER         MARGINAL

w1          .             1.0000         1.0000        22.0000      
w2          .             1.0000         1.0000        22.0000      

---- VAR supply  

              LOWER          LEVEL          UPPER         MARGINAL

s1 .w1          .              .             1.0000        12.0000      
s1 .w2          .             1.0000         1.0000        22.0000      
s2 .w1          .              .             1.0000        13.0000      
s2 .w2          .             1.0000         1.0000        23.0000      
s3 .w1          .              .             1.0000        14.0000      
s3 .w2          .             1.0000         1.0000        24.0000      
s4 .w1          .              .             1.0000        15.0000      
s4 .w2          .             1.0000         1.0000        25.0000      
s5 .w1          .              .             1.0000        16.0000      
s5 .w2          .             1.0000         1.0000        26.0000      
s6 .w1          .              .             1.0000        17.0000      
s6 .w2          .             1.0000         1.0000        27.0000      
s7 .w1          .              .             1.0000        18.0000      
s7 .w2          .             1.0000         1.0000        28.0000      
s8 .w1          .              .             1.0000        19.0000      
s8 .w2          .             1.0000         1.0000        29.0000      
s9 .w1          .              .             1.0000        20.0000      
s9 .w2          .             1.0000         1.0000        30.0000      
s10.w1          .              .             1.0000        21.0000      
s10.w2          .             1.0000         1.0000        31.0000      
s11.w1          .              .             1.0000        22.0000      
s11.w2          .             1.0000         1.0000        32.0000      
s12.w1          .              .             1.0000        23.0000      
s12.w2          .             1.0000         1.0000        33.0000      
s13.w1          .              .             1.0000        24.0000      
s13.w2          .             1.0000         1.0000        34.0000      
s14.w1          .              .             1.0000        25.0000      
s14.w2          .             1.0000         1.0000        35.0000      
s15.w1          .              .             1.0000        26.0000      
s15.w2          .             1.0000         1.0000        36.0000      
s16.w1          .              .             1.0000        27.0000      
s16.w2          .             1.0000         1.0000        37.0000      
s17.w1          .              .             1.0000        28.0000      
s17.w2          .             1.0000         1.0000        38.0000      
s18.w1          .              .             1.0000        29.0000      
s18.w2          .             1.0000         1.0000        39.0000      
s19.w1          .              .             1.0000        30.0000      
s19.w2          .             1.0000         1.0000        40.0000      
s20.w1          .              .             1.0000        31.0000      
s20.w2          .             1.0000         1.0000        41.0000      
s21.w1          .              .             1.0000        32.0000      
s21.w2          .             1.0000         1.0000        42.0000      
s22.w1          .              .             1.0000        33.0000      
s22.w2          .             1.0000         1.0000        43.0000      
s23.w1          .              .             1.0000        34.0000      
s23.w2          .             1.0000         1.0000        44.0000      
s24.w1          .              .             1.0000        35.0000      
s24.w2          .             1.0000         1.0000        45.0000      
s25.w1          .              .             1.0000        36.0000      
s25.w2          .             1.0000         1.0000        46.0000      
s26.w1          .              .             1.0000        37.0000      
s26.w2          .             1.0000         1.0000        47.0000      
s27.w1          .              .             1.0000        38.0000      
s27.w2          .             1.0000         1.0000        48.0000      
s28.w1          .              .             1.0000        39.0000      
s28.w2          .             1.0000         1.0000        49.0000      
s29.w1          .              .             1.0000        40.0000      
s29.w2          .             1.0000         1.0000        50.0000      
s30.w1          .              .             1.0000        41.0000      
s30.w2          .             1.0000         1.0000        51.0000      
s31.w1          .              .             1.0000        42.0000      
s31.w2          .             1.0000         1.0000        52.0000      
s32.w1          .              .             1.0000        43.0000      
s32.w2          .             1.0000         1.0000        53.0000      
s33.w1          .             1.0000         1.0000        44.0000      
s33.w2          .              .             1.0000        54.0000      
s34.w1          .             1.0000         1.0000        45.0000      
s34.w2          .              .             1.0000        55.0000      
s35.w1          .             1.0000         1.0000        46.0000      
s35.w2          .              .             1.0000        56.0000      
s36.w1          .             1.0000         1.0000        47.0000      
s36.w2          .              .             1.0000        57.0000      
s37.w1          .             1.0000         1.0000        48.0000      
s37.w2          .              .             1.0000        58.0000      
s38.w1          .             1.0000         1.0000        49.0000      
s38.w2          .              .             1.0000        59.0000      
s39.w1          .             1.0000         1.0000        50.0000      
s39.w2          .              .             1.0000        60.0000      
s40.w1          .             1.0000         1.0000        51.0000      
s40.w2          .              .             1.0000        61.0000      
s41.w1          .             1.0000         1.0000        52.0000      
s41.w2          .              .             1.0000        62.0000      
s42.w1          .             1.0000         1.0000        53.0000      
s42.w2          .              .             1.0000        63.0000      
s43.w1          .             1.0000         1.0000        54.0000      
s43.w2          .              .             1.0000        64.0000      
s44.w1          .             1.0000         1.0000        55.0000      
s44.w2          .              .             1.0000        65.0000      
s45.w1          .             1.0000         1.0000        56.0000      
s45.w2          .              .             1.0000        66.0000      
s46.w1          .             1.0000         1.0000        57.0000      
s46.w2          .              .             1.0000        67.0000      
s47.w1          .             1.0000         1.0000        58.0000      
s47.w2          .              .             1.0000        68.0000      
s48.w1          .             1.0000         1.0000        59.0000      
s48.w2          .              .             1.0000        69.0000      
s49.w1          .             1.0000         1.0000        60.0000      
s49.w2          .              .             1.0000        70.0000      
s50.w1          .             1.0000         1.0000        61.0000      
s50.w2          .              .             1.0000        71.0000      
s51.w1          .             1.0000         1.0000        62.0000      
s51.w2          .              .             1.0000        72.0000      
s52.w1          .             1.0000         1.0000        63.0000      
s52.w2          .              .             1.0000        73.0000      
s53.w1          .             1.0000         1.0000        64.0000      
s53.w2          .              .             1.0000        74.0000      
s54.w1          .             1.0000         1.0000        65.0000      
s54.w2          .              .             1.0000        75.0000      
s55.w1          .             1.0000         1.0000        66.0000      
s55.w2          .              .             1.0000        76.0000      
s56.w1          .             1.0000         1.0000        67.0000      
s56.w2          .              .             1.0000        77.0000      
s57.w1          .             1.0000         1.0000        68.0000      
s57.w2          .              .             1.0000        78.0000      
s58.w1          .             1.0000         1.0000        69.0000      
s58.w2          .              .             1.0000        79.0000      
s59.w1          .             1.0000         1.0000        70.0000      
s59.w2          .              .             1.0000        80.0000      
s60.w1          .             1.0000         1.0000        71.0000      
s60.w2          .              .             1.0000        81.0000      
s61.w1          .             1.0000         1.0000        72.0000      
s61.w2          .              .             1.0000        82.0000      
s62.w1          .             1.0000         1.0000        73.0000      
s62.w2          .              .             1.0000        83.0000      
s63.w1          .             1.0000         1.0000        74.0000      
s63.w2          .              .             1.0000        84.0000      
s64.w1          .             1.0000         1.0000        75.0000      
s64.w2          .              .             1.0000        85.0000      
s65.w1          .             1.0000         1.0000        76.0000      
s65.w2          .              .             1.0000        86.0000      

                           LOWER          LEVEL          UPPER         MARGINAL

---- VAR obj               -INF         3224.0000        +INF             .          


**** REPORT SUMMARY :        0     NONOPT
                             0 INFEASIBLE
                             0  UNBOUNDED
GAMS 40.3.0  f227c22a Sep 16, 2022          LEX-LEG x86 64bit/Linux - 10/13/22 17:41:40 Page 7
Warehouse.gms
E x e c u t i o n


EXECUTION TIME       =        0.064 SECONDS      4 MB  40.3.0 f227c22a LEX-LEG

**** FILE SUMMARY

Input      /home/norman/Schreibtisch/GAMS/GamsJava/Warehouse/_gams_java_gjo1.gms
Output     /home/norman/Schreibtisch/GAMS/GamsJava/Warehouse/_gams_java_gjo1.lst
