
--- Job Transport.gms Start 10/14/22 21:23:48 40.3.0 f227c22a LEX-LEG x86 64bit/Linux
--- Applying:
    /opt/gams/gams40.3_linux_x64_64_sfx/gmsprmun.txt
--- GAMS Parameters defined
    Input /home/norman/Schreibtisch/GAMS/GamsJava/models/Transport.gms
    PageSize 0
    ScrDir /home/norman/Schreibtisch/GAMS/GamsJava/models/225a/
    SysDir /opt/gams/gams40.3_linux_x64_64_sfx/
    LogOption 3
    ErrMsg 1
    ErrorLog 99
    IDE 1
    LstTitleLeftAligned 1
Licensee: Course License                                 S220923|0002AO-GEN
          Stiftung Uni Hildesheim, Betriebswirtschaft WirtschaftsinfDCE2400
          /opt/gams/gams40.3_linux_x64_64_sfx/gamslice.txt
          License Admin: Julia Rieck, rieck@bwl.uni-hildesheim.de          
          Course license for use within the course and related course work
Processor information: 1 socket(s), 2 core(s), and 4 thread(s) available
GAMS 40.3.0   Copyright (C) 1987-2022 GAMS Development. All rights reserved
--- Starting compilation
--- Transport.gms(16) 2 Mb
*** GDXIN failed /home/norman/Schreibtisch/GAMS/GamsJava/models/gdxincname.gdx
*** Msg: No such file or directory
--- Transport.gms(16) 2 Mb 1 Error
*** Error 510 in /home/norman/Schreibtisch/GAMS/GamsJava/models/Transport.gms
    Unable to open gdx file for $GDXIN
--- Transport.gms(17) 2 Mb 2 Errors
*** Error 502 in /home/norman/Schreibtisch/GAMS/GamsJava/models/Transport.gms
    GDXIN  file not open - ignore rest of line
--- Transport.gms(21) 2 Mb 8 Errors
*** Error 352 in /home/norman/Schreibtisch/GAMS/GamsJava/models/Transport.gms
    Set has not been initialized
*** Error 352 in /home/norman/Schreibtisch/GAMS/GamsJava/models/Transport.gms
    Set has not been initialized
*** Error 141 in /home/norman/Schreibtisch/GAMS/GamsJava/models/Transport.gms
    Symbol declared but no values have been assigned. Check for missing
       data definition, assignment, data loading or implicit assignment
       via a solve statement.
       A wild shot: You may have spurious commas in the explanatory
       text of a declaration. Check symbol reference list.
*** Error 141 in /home/norman/Schreibtisch/GAMS/GamsJava/models/Transport.gms
    Symbol declared but no values have been assigned. Check for missing
       data definition, assignment, data loading or implicit assignment
       via a solve statement.
       A wild shot: You may have spurious commas in the explanatory
       text of a declaration. Check symbol reference list.
*** Error 352 in /home/norman/Schreibtisch/GAMS/GamsJava/models/Transport.gms
    Set has not been initialized
*** Error 352 in /home/norman/Schreibtisch/GAMS/GamsJava/models/Transport.gms
    Set has not been initialized
--- Transport.gms(41) 2 Mb 9 Errors
*** Error 257 in /home/norman/Schreibtisch/GAMS/GamsJava/models/Transport.gms
    Solve statement not checked because of previous errors
--- Transport.gms(42) 2 Mb 10 Errors
*** Error 141 in /home/norman/Schreibtisch/GAMS/GamsJava/models/Transport.gms
    Symbol declared but no values have been assigned. Check for missing
       data definition, assignment, data loading or implicit assignment
       via a solve statement.
       A wild shot: You may have spurious commas in the explanatory
       text of a declaration. Check symbol reference list.
--- Transport.gms(42) 2 Mb 10 Errors
*** Status: Compilation error(s)
--- Job Transport.gms Stop 10/14/22 21:23:48 elapsed 0:00:00.029
